<?xml version="1.0" encoding="utf-8"?><testsuite errors="0" failures="0" name="pytest" skips="2" tests="9" time="0.246"><testcase classname="fprules.tests.test_basics" file="fprules/tests/test_basics.py" line="13" name="test_signature_has_keyword_only" time="0.0008871555328369141"><skipped message="Keyword-only argument require python3.6 or higher" type="pytest.skip">fprules/tests/test_basics.py:13: Keyword-only argument require python3.6 or higher</skipped></testcase><testcase classname="fprules.tests.test_basics" file="fprules/tests/test_basics.py" line="19" name="test_stem_only_simplest" time="0.005704164505004883"></testcase><testcase classname="fprules.tests.test_basics" file="fprules/tests/test_basics.py" line="31" name="test_stem_with_multifolder_not_dst" time="0.004748821258544922"></testcase><testcase classname="fprules.tests.test_basics" file="fprules/tests/test_basics.py" line="44" name="test_stem_with_multifolder_in_dst" time="0.0042438507080078125"></testcase><testcase classname="fprules.tests.test_basics" file="fprules/tests/test_basics.py" line="57" name="test_stem_multifolder_multi_dst" time="0.004196882247924805"></testcase><testcase classname="fprules.tests.test_basics" file="fprules/tests/test_basics.py" line="73" name="test_nostem_nofolder" time="0.0030760765075683594"></testcase><testcase classname="fprules.tests.test_basics" file="fprules/tests/test_basics.py" line="85" name="test_nostem_folders" time="0.004587888717651367"></testcase><testcase classname="fprules.tests.test_doc" file="fprules/tests/test_doc.py" line="31" name="test_doc1" time="0.004319429397583008"></testcase><testcase classname="fprules.tests.test_doc" file="fprules/tests/test_doc.py" line="53" name="test_doc2" time="0.0017514228820800781"><skipped message="latest `doit` requires python3+, and on python 3.5 the current directory is not passed correctly." type="pytest.skip">fprules/tests/test_doc.py:53: latest `doit` requires python3+, and on python 3.5 the current directory is not passed correctly.</skipped></testcase></testsuite>