<?xml version="1.0" encoding="utf-8"?><testsuite errors="0" failures="0" name="pytest" skips="2" tests="9" time="0.227"><testcase classname="fprules.tests.test_basics" file="fprules/tests/test_basics.py" line="13" name="test_signature_has_keyword_only" time="0.0007371902465820312"><skipped message="Keyword-only argument require python3.6 or higher" type="pytest.skip">fprules/tests/test_basics.py:13: &lt;py._xmlgen.raw object at 0x7f9d5baaef98&gt;</skipped></testcase><testcase classname="fprules.tests.test_basics" file="fprules/tests/test_basics.py" line="19" name="test_stem_only_simplest" time="0.002494335174560547"></testcase><testcase classname="fprules.tests.test_basics" file="fprules/tests/test_basics.py" line="31" name="test_stem_with_multifolder_not_dst" time="0.0026841163635253906"></testcase><testcase classname="fprules.tests.test_basics" file="fprules/tests/test_basics.py" line="44" name="test_stem_with_multifolder_in_dst" time="0.0020818710327148438"></testcase><testcase classname="fprules.tests.test_basics" file="fprules/tests/test_basics.py" line="57" name="test_stem_multifolder_multi_dst" time="0.001936197280883789"></testcase><testcase classname="fprules.tests.test_basics" file="fprules/tests/test_basics.py" line="73" name="test_nostem_nofolder" time="0.0014872550964355469"></testcase><testcase classname="fprules.tests.test_basics" file="fprules/tests/test_basics.py" line="85" name="test_nostem_folders" time="0.0033082962036132812"></testcase><testcase classname="fprules.tests.test_doc" file="fprules/tests/test_doc.py" line="31" name="test_doc1" time="0.0026445388793945312"></testcase><testcase classname="fprules.tests.test_doc" file="fprules/tests/test_doc.py" line="53" name="test_doc2" time="0.0005564689636230469"><skipped message="latest `doit` requires python3+, and on python 3.5 the current directory is not passed correctly." type="pytest.skip">fprules/tests/test_doc.py:53: &lt;py._xmlgen.raw object at 0x7f9d5ba51278&gt;</skipped></testcase></testsuite>