<?xml version="1.0" encoding="utf-8"?><testsuite errors="0" failures="0" name="pytest" skips="2" tests="9" time="0.392"><testcase classname="fprules.tests.test_basics" file="fprules/tests/test_basics.py" line="13" name="test_signature_has_keyword_only" time="0.0008409023284912109"><skipped message="Keyword-only argument require python3.6 or higher" type="pytest.skip">fprules/tests/test_basics.py:13: &lt;py._xmlgen.raw object at 0x7fe4cb1deba8&gt;</skipped></testcase><testcase classname="fprules.tests.test_basics" file="fprules/tests/test_basics.py" line="19" name="test_stem_only_simplest" time="0.0016269683837890625"></testcase><testcase classname="fprules.tests.test_basics" file="fprules/tests/test_basics.py" line="31" name="test_stem_with_multifolder_not_dst" time="0.002365589141845703"></testcase><testcase classname="fprules.tests.test_basics" file="fprules/tests/test_basics.py" line="44" name="test_stem_with_multifolder_in_dst" time="0.002913236618041992"></testcase><testcase classname="fprules.tests.test_basics" file="fprules/tests/test_basics.py" line="57" name="test_stem_multifolder_multi_dst" time="0.0030426979064941406"></testcase><testcase classname="fprules.tests.test_basics" file="fprules/tests/test_basics.py" line="73" name="test_nostem_nofolder" time="0.001588582992553711"></testcase><testcase classname="fprules.tests.test_basics" file="fprules/tests/test_basics.py" line="85" name="test_nostem_folders" time="0.0031952857971191406"></testcase><testcase classname="fprules.tests.test_doc" file="fprules/tests/test_doc.py" line="32" name="test_doc1" time="0.003816843032836914"></testcase><testcase classname="fprules.tests.test_doc" file="fprules/tests/test_doc.py" line="54" name="test_doc2" time="0.0007193088531494141"><skipped message="latest `doit` requires python3+, and on python 3.5 the current directory is not passed correctly." type="pytest.skip">fprules/tests/test_doc.py:54: &lt;py._xmlgen.raw object at 0x7fe4cb189128&gt;</skipped></testcase></testsuite>