<?xml version="1.0" encoding="utf-8"?><testsuite errors="0" failures="0" name="pytest" skips="2" tests="9" time="0.218"><testcase classname="fprules.tests.test_basics" file="fprules/tests/test_basics.py" line="13" name="test_signature_has_keyword_only" time="0.0009102821350097656"><skipped message="Keyword-only argument require python3.6 or higher" type="pytest.skip">fprules/tests/test_basics.py:13: &lt;py._xmlgen.raw object at 0x7f39f150efd0&gt;</skipped></testcase><testcase classname="fprules.tests.test_basics" file="fprules/tests/test_basics.py" line="19" name="test_stem_only_simplest" time="0.0022487640380859375"></testcase><testcase classname="fprules.tests.test_basics" file="fprules/tests/test_basics.py" line="31" name="test_stem_with_multifolder_not_dst" time="0.002738475799560547"></testcase><testcase classname="fprules.tests.test_basics" file="fprules/tests/test_basics.py" line="44" name="test_stem_with_multifolder_in_dst" time="0.0027201175689697266"></testcase><testcase classname="fprules.tests.test_basics" file="fprules/tests/test_basics.py" line="57" name="test_stem_multifolder_multi_dst" time="0.002275705337524414"></testcase><testcase classname="fprules.tests.test_basics" file="fprules/tests/test_basics.py" line="73" name="test_nostem_nofolder" time="0.0011577606201171875"></testcase><testcase classname="fprules.tests.test_basics" file="fprules/tests/test_basics.py" line="85" name="test_nostem_folders" time="0.003984689712524414"></testcase><testcase classname="fprules.tests.test_doc" file="fprules/tests/test_doc.py" line="31" name="test_doc1" time="0.0035445690155029297"></testcase><testcase classname="fprules.tests.test_doc" file="fprules/tests/test_doc.py" line="53" name="test_doc2" time="0.0007238388061523438"><skipped message="latest `doit` requires python3+, and on python 3.5 the current directory is not passed correctly." type="pytest.skip">fprules/tests/test_doc.py:53: &lt;py._xmlgen.raw object at 0x7f39f14b4390&gt;</skipped></testcase></testsuite>