<?xml version="1.0" encoding="utf-8"?><testsuite errors="0" failures="0" name="pytest" skips="0" tests="6" time="0.123"><testcase classname="fprules.tests.test_tools" file="fprules/tests/test_tools.py" line="10" name="test_stem_only_simplest" time="0.002930164337158203"></testcase><testcase classname="fprules.tests.test_tools" file="fprules/tests/test_tools.py" line="22" name="test_stem_with_multifolder_not_dst" time="0.00345611572265625"></testcase><testcase classname="fprules.tests.test_tools" file="fprules/tests/test_tools.py" line="35" name="test_stem_with_multifolder_in_dst" time="0.0029392242431640625"></testcase><testcase classname="fprules.tests.test_tools" file="fprules/tests/test_tools.py" line="48" name="test_stem_multifolder_multi_dst" time="0.0031576156616210938"></testcase><testcase classname="fprules.tests.test_tools" file="fprules/tests/test_tools.py" line="64" name="test_nostem_nofolder" time="0.002167224884033203"></testcase><testcase classname="fprules.tests.test_tools" file="fprules/tests/test_tools.py" line="76" name="test_nostem_folders" time="0.003019571304321289"></testcase></testsuite>